<?xml version="1.0" encoding="UTF-8"?>
<!-- Generated by org.testng.reporters.JUnitReportReporter -->
<testsuite skipped="0" hostname="SRK" name="com.qa.webdriver.LogsGen" tests="2" failures="0" timestamp="12 Aug 2020 08:44:09 GMT" time="23.096" errors="0">
  <testcase name="freeCrmTitleTest" time="10.295" classname="com.qa.webdriver.LogsGen"/>
  <testcase name="freemCRMLogoTest" time="12.801" classname="com.qa.webdriver.LogsGen"/>
</testsuite> <!-- com.qa.webdriver.LogsGen -->
