<?xml version="1.0" encoding="UTF-8"?>
<!-- Generated by org.testng.reporters.JUnitReportReporter -->
<testsuite skipped="0" hostname="SRK" name="com.qa.webdriver.GoogleClass" tests="1" failures="0" timestamp="11 Aug 2020 10:11:56 GMT" time="16.444" errors="0">
  <testcase name="main" time="16.444" classname="com.qa.webdriver.GoogleClass"/>
</testsuite> <!-- com.qa.webdriver.GoogleClass -->
